INFO:root: 2023-08-23 16:28:18.500256: No se ha encontrado la img img\correo.png
INFO:root: 2023-08-23 16:28:18.500256: couldn't open "img\correo.png": no such file or directory
INFO:root: 2023-08-23 16:28:18.500256: No se ha encontrado la img img\Excel-icon.png
INFO:root: 2023-08-23 16:28:18.500256: couldn't open "img\Excel-icon.png": no such file or directory
INFO:root: 2023-08-23 16:28:18.500256: No se ha encontrado la img img\impresora.png
INFO:root: 2023-08-23 16:28:18.500256: couldn't open "img\impresora.png": no such file or directory
INFO:root: 2023-08-23 16:28:18.515904: El path no ha podido ser cambiado, asegurese que dentro del campo ha modificar no halla espacio en blanco
INFO:root: 2023-08-23 16:29:50.741647: No se ha encontrado la img img\correo.png
INFO:root: 2023-08-23 16:29:50.741647: couldn't open "img\correo.png": no such file or directory
INFO:root: 2023-08-23 16:29:50.741647: No se ha encontrado la img img\Excel-icon.png
INFO:root: 2023-08-23 16:29:50.741647: couldn't open "img\Excel-icon.png": no such file or directory
INFO:root: 2023-08-23 16:29:50.741647: No se ha encontrado la img img\impresora.png
INFO:root: 2023-08-23 16:29:50.741647: couldn't open "img\impresora.png": no such file or directory
INFO:root: 2023-08-23 16:29:50.757271: El path no ha podido ser cambiado, asegurese que dentro del campo ha modificar no halla espacio en blanco
INFO:root: 2023-08-23 16:31:05.690851: No se ha encontrado la img img\correo.png
INFO:root: 2023-08-23 16:31:05.690851: couldn't open "img\correo.png": no such file or directory
INFO:root: 2023-08-23 16:31:05.690851: No se ha encontrado la img img\Excel-icon.png
INFO:root: 2023-08-23 16:31:05.690851: couldn't open "img\Excel-icon.png": no such file or directory
INFO:root: 2023-08-23 16:31:05.690851: No se ha encontrado la img img\impresora.png
INFO:root: 2023-08-23 16:31:05.690851: couldn't open "img\impresora.png": no such file or directory
INFO:root: 2023-08-23 16:31:05.706483: Inicializacion de la Aplicacion
INFO:root: 2023-08-23 19:03:22.537532: No se ha encontrado la img img\correo.png
INFO:root: 2023-08-23 19:03:22.537532: couldn't open "img\correo.png": no such file or directory
INFO:root: 2023-08-23 19:03:22.537532: No se ha encontrado la img img\Excel-icon.png
INFO:root: 2023-08-23 19:03:22.537532: couldn't open "img\Excel-icon.png": no such file or directory
INFO:root: 2023-08-23 19:03:22.537532: No se ha encontrado la img img\impresora.png
INFO:root: 2023-08-23 19:03:22.537532: couldn't open "img\impresora.png": no such file or directory
INFO:root: 2023-08-23 19:03:22.568746: Inicializacion de la Aplicacion
INFO:root: 2023-08-23 19:04:45.836059: No se ha encontrado la img img\eflow.png
INFO:root: 2023-08-23 19:04:45.836059: couldn't open "img\eflow.png": no such file or directory
INFO:root: 2023-08-23 19:04:45.851691: No se ha encontrado la img img\correo.png
INFO:root: 2023-08-23 19:04:45.851691: couldn't open "img\correo.png": no such file or directory
INFO:root: 2023-08-23 19:04:45.851691: No se ha encontrado la img img\Excel-icon.png
INFO:root: 2023-08-23 19:04:45.851691: couldn't open "img\Excel-icon.png": no such file or directory
INFO:root: 2023-08-23 19:04:45.867314: No se ha encontrado la img img\impresora.png
INFO:root: 2023-08-23 19:04:45.867314: couldn't open "img\impresora.png": no such file or directory
INFO:root: 2023-08-23 19:04:45.898560: Inicializacion de la Aplicacion
INFO:root: 2023-08-23 19:05:31.348636: No se ha encontrado la img img\correo.png
INFO:root: 2023-08-23 19:05:31.348636: couldn't open "img\correo.png": no such file or directory
INFO:root: 2023-08-23 19:05:31.348636: No se ha encontrado la img img\Excel-icon.png
INFO:root: 2023-08-23 19:05:31.348636: couldn't open "img\Excel-icon.png": no such file or directory
INFO:root: 2023-08-23 19:05:31.355141: No se ha encontrado la img img\impresora.png
INFO:root: 2023-08-23 19:05:31.355141: couldn't open "img\impresora.png": no such file or directory
INFO:root: 2023-08-23 19:05:31.370791: Inicializacion de la Aplicacion
INFO:root: 2023-08-23 19:05:52.428402: No se ha encontrado la img img\correo.png
INFO:root: 2023-08-23 19:05:52.428402: couldn't open "img\correo.png": no such file or directory
INFO:root: 2023-08-23 19:05:52.428402: No se ha encontrado la img img\Excel-icon.png
INFO:root: 2023-08-23 19:05:52.444021: couldn't open "img\Excel-icon.png": no such file or directory
INFO:root: 2023-08-23 19:05:52.446316: No se ha encontrado la img img\impresora.png
INFO:root: 2023-08-23 19:05:52.446316: couldn't open "img\impresora.png": no such file or directory
INFO:root: 2023-08-23 19:05:52.464076: Inicializacion de la Aplicacion
INFO:root: 2023-08-23 19:06:50.018182: Inicializacion de la Aplicacion
INFO:root: 2023-08-23 19:11:47.358895: Se selecciono el directorio C:/Entornos/Banco Promerica - 01/PRODUCCION donde se identificaran los reportes
INFO:root: 2023-08-23 19:11:47.358895: Empezando a identificar el servicio de la ruta C:\Entornos\Banco Promerica - 01\PRODUCCION\Middleware\STE\bin\Sidesys.Services.ApplicationService.exe
INFO:root: 2023-08-23 19:11:47.797673: Nombre: e-Flow Banco Promerica MiddleWare Service
INFO:root: 2023-08-23 19:11:47.797673: Estado: Stopped
INFO:root: 2023-08-23 19:11:47.797673: Tipo de inicio: Manual
INFO:root: 2023-08-23 19:11:47.797673: Descripci贸n: None
INFO:root: 2023-08-23 19:11:47.797673: Ruta del archivo ejecutable: C:/Entornos/Banco Promerica - 01/PRODUCCION/Middleware/STE/bin/Sidesys.Services.ApplicationService.exe
INFO:root: 2023-08-23 19:11:47.813304:buscando site que coincidan con la ruta C:\Entornos\Banco Promerica - 01\PRODUCCION\FrontEnd\STE
INFO:root: 2023-08-23 19:11:47.813304:empezando la consulta en poweshell
INFO:root: 2023-08-23 19:11:47.813304:Get-WebApplication | select physicalPath
ERROR:root: 2023-08-23 19:11:50.426959:error al realizar la consulta en powershell Import-Module : Process should have elevated status to access IIS configuration data.
At line:1 char:1
+ Import-Module WebAdministration
+ ~~~~~~~~~~~~~~~~~~~~~~~~~~~~~~~
    + CategoryInfo          : OperationStopped: (:) [Import-Module], InvalidOperationException
    + FullyQualifiedErrorId : Module_ImportModuleError,Microsoft.PowerShell.Commands.ImportModuleCommand
 
get-webconfiguration : Cannot find a provider with the name 'WebAdministration'.
At line:2 char:18
+                  Get-WebApplication | select physicalPath
+                  ~~~~~~~~~~~~~~~~~~~~~~~~~~~~~~~~~~~~~~~~
    + CategoryInfo          : ObjectNotFound: (WebAdministration:String) [Get-WebConfiguration], ProviderNotFoundExcep 
   tion
    + FullyQualifiedErrorId : ProviderNotFound,Microsoft.IIs.PowerShell.Provider.GetConfigurationCommand
 

INFO:root: 2023-08-23 19:11:50.426959:empezando la consulta en poweshell
INFO:root: 2023-08-23 19:11:50.426959:Get-WebApplication | select path,applicationPool,enabledprotocols
ERROR:root: 2023-08-23 19:11:51.828256:error al realizar la consulta en powershell Import-Module : Process should have elevated status to access IIS configuration data.
At line:1 char:1
+ Import-Module WebAdministration
+ ~~~~~~~~~~~~~~~~~~~~~~~~~~~~~~~
    + CategoryInfo          : OperationStopped: (:) [Import-Module], InvalidOperationException
    + FullyQualifiedErrorId : Module_ImportModuleError,Microsoft.PowerShell.Commands.ImportModuleCommand
 
get-webconfiguration : Cannot find a provider with the name 'WebAdministration'.
At line:2 char:18
+ ...             Get-WebApplication | select path,applicationPool,enabledp ...
+                 ~~~~~~~~~~~~~~~~~~~~~~~~~~~~~~~~~~~~~~~~~~~~~~~~~~~~~~~~~
    + CategoryInfo          : ObjectNotFound: (WebAdministration:String) [Get-WebConfiguration], ProviderNotFoundExcep 
   tion
    + FullyQualifiedErrorId : ProviderNotFound,Microsoft.IIs.PowerShell.Provider.GetConfigurationCommand
 

INFO:root: 2023-08-23 19:11:51.828256:buscando site que coincidan con la ruta C:\Entornos\Banco Promerica - 01\PRODUCCION\FrontEnd\STE
INFO:root: 2023-08-23 19:11:51.828256:empezando la consulta en poweshell
INFO:root: 2023-08-23 19:11:51.828256:Get-WebSite | select id,physicalPath
ERROR:root: 2023-08-23 19:11:53.130567:error al realizar la consulta en powershell Import-Module : Process should have elevated status to access IIS configuration data.
At line:1 char:1
+ Import-Module WebAdministration
+ ~~~~~~~~~~~~~~~~~~~~~~~~~~~~~~~
    + CategoryInfo          : OperationStopped: (:) [Import-Module], InvalidOperationException
    + FullyQualifiedErrorId : Module_ImportModuleError,Microsoft.PowerShell.Commands.ImportModuleCommand
 
Get-WebSite : Cannot find a provider with the name 'WebAdministration'.
At line:2 char:18
+                  Get-WebSite | select id,physicalPath
+                  ~~~~~~~~~~~
    + CategoryInfo          : ObjectNotFound: (WebAdministration:String) [Get-Website], ProviderNotFoundException
    + FullyQualifiedErrorId : ProviderNotFound,Microsoft.IIs.PowerShell.Provider.GetWebsiteCommand
 

INFO:root: 2023-08-23 19:11:53.130567:empezando la consulta en poweshell
INFO:root: 2023-08-23 19:11:53.130567:Get-WebSite | select name,state,enabledprotocols
ERROR:root: 2023-08-23 19:11:54.402294:error al realizar la consulta en powershell Import-Module : Process should have elevated status to access IIS configuration data.
At line:1 char:1
+ Import-Module WebAdministration
+ ~~~~~~~~~~~~~~~~~~~~~~~~~~~~~~~
    + CategoryInfo          : OperationStopped: (:) [Import-Module], InvalidOperationException
    + FullyQualifiedErrorId : Module_ImportModuleError,Microsoft.PowerShell.Commands.ImportModuleCommand
 
Get-WebSite : Cannot find a provider with the name 'WebAdministration'.
At line:2 char:18
+                  Get-WebSite | select name,state,enabledprotocols
+                  ~~~~~~~~~~~
    + CategoryInfo          : ObjectNotFound: (WebAdministration:String) [Get-Website], ProviderNotFoundException
    + FullyQualifiedErrorId : ProviderNotFound,Microsoft.IIs.PowerShell.Provider.GetWebsiteCommand
 

ERROR:root: 2023-08-23 19:11:54.402294: No se encontro aplicacion o site asociado a este paquete
INFO:root: 2023-08-23 19:12:22.285558: Se selecciono el directorio C:/Entornos/Senasa - 03/PRODUCCION donde se identificaran los reportes
INFO:root: 2023-08-23 19:12:22.285558: Empezando a identificar el servicio de la ruta C:\Entornos\Senasa - 03\PRODUCCION\Middleware\STE\bin\Sidesys.Services.ApplicationService.exe
INFO:root: 2023-08-23 19:12:22.974089: La carpeta STE  existe
INFO:root: 2023-08-23 19:12:22.974089:buscando site que coincidan con la ruta C:\Entornos\Senasa - 03\PRODUCCION\FrontEnd\STE
INFO:root: 2023-08-23 19:12:22.974089:empezando la consulta en poweshell
INFO:root: 2023-08-23 19:12:22.974089:Get-WebApplication | select physicalPath
ERROR:root: 2023-08-23 19:12:24.308588:error al realizar la consulta en powershell Import-Module : Process should have elevated status to access IIS configuration data.
At line:1 char:1
+ Import-Module WebAdministration
+ ~~~~~~~~~~~~~~~~~~~~~~~~~~~~~~~
    + CategoryInfo          : OperationStopped: (:) [Import-Module], InvalidOperationException
    + FullyQualifiedErrorId : Module_ImportModuleError,Microsoft.PowerShell.Commands.ImportModuleCommand
 
get-webconfiguration : Cannot find a provider with the name 'WebAdministration'.
At line:2 char:18
+                  Get-WebApplication | select physicalPath
+                  ~~~~~~~~~~~~~~~~~~~~~~~~~~~~~~~~~~~~~~~~
    + CategoryInfo          : ObjectNotFound: (WebAdministration:String) [Get-WebConfiguration], ProviderNotFoundExcep 
   tion
    + FullyQualifiedErrorId : ProviderNotFound,Microsoft.IIs.PowerShell.Provider.GetConfigurationCommand
 

INFO:root: 2023-08-23 19:12:24.308588:empezando la consulta en poweshell
INFO:root: 2023-08-23 19:12:24.308588:Get-WebApplication | select path,applicationPool,enabledprotocols
ERROR:root: 2023-08-23 19:12:25.564864:error al realizar la consulta en powershell Import-Module : Process should have elevated status to access IIS configuration data.
At line:1 char:1
+ Import-Module WebAdministration
+ ~~~~~~~~~~~~~~~~~~~~~~~~~~~~~~~
    + CategoryInfo          : OperationStopped: (:) [Import-Module], InvalidOperationException
    + FullyQualifiedErrorId : Module_ImportModuleError,Microsoft.PowerShell.Commands.ImportModuleCommand
 
get-webconfiguration : Cannot find a provider with the name 'WebAdministration'.
At line:2 char:18
+ ...             Get-WebApplication | select path,applicationPool,enabledp ...
+                 ~~~~~~~~~~~~~~~~~~~~~~~~~~~~~~~~~~~~~~~~~~~~~~~~~~~~~~~~~
    + CategoryInfo          : ObjectNotFound: (WebAdministration:String) [Get-WebConfiguration], ProviderNotFoundExcep 
   tion
    + FullyQualifiedErrorId : ProviderNotFound,Microsoft.IIs.PowerShell.Provider.GetConfigurationCommand
 

INFO:root: 2023-08-23 19:12:25.580495:buscando site que coincidan con la ruta C:\Entornos\Senasa - 03\PRODUCCION\FrontEnd\STE
INFO:root: 2023-08-23 19:12:25.580495:empezando la consulta en poweshell
INFO:root: 2023-08-23 19:12:25.580495:Get-WebSite | select id,physicalPath
ERROR:root: 2023-08-23 19:12:26.830251:error al realizar la consulta en powershell Import-Module : Process should have elevated status to access IIS configuration data.
At line:1 char:1
+ Import-Module WebAdministration
+ ~~~~~~~~~~~~~~~~~~~~~~~~~~~~~~~
    + CategoryInfo          : OperationStopped: (:) [Import-Module], InvalidOperationException
    + FullyQualifiedErrorId : Module_ImportModuleError,Microsoft.PowerShell.Commands.ImportModuleCommand
 
Get-WebSite : Cannot find a provider with the name 'WebAdministration'.
At line:2 char:18
+                  Get-WebSite | select id,physicalPath
+                  ~~~~~~~~~~~
    + CategoryInfo          : ObjectNotFound: (WebAdministration:String) [Get-Website], ProviderNotFoundException
    + FullyQualifiedErrorId : ProviderNotFound,Microsoft.IIs.PowerShell.Provider.GetWebsiteCommand
 

INFO:root: 2023-08-23 19:12:26.830251:empezando la consulta en poweshell
INFO:root: 2023-08-23 19:12:26.830251:Get-WebSite | select name,state,enabledprotocols
ERROR:root: 2023-08-23 19:12:28.071248:error al realizar la consulta en powershell Import-Module : Process should have elevated status to access IIS configuration data.
At line:1 char:1
+ Import-Module WebAdministration
+ ~~~~~~~~~~~~~~~~~~~~~~~~~~~~~~~
    + CategoryInfo          : OperationStopped: (:) [Import-Module], InvalidOperationException
    + FullyQualifiedErrorId : Module_ImportModuleError,Microsoft.PowerShell.Commands.ImportModuleCommand
 
Get-WebSite : Cannot find a provider with the name 'WebAdministration'.
At line:2 char:18
+                  Get-WebSite | select name,state,enabledprotocols
+                  ~~~~~~~~~~~
    + CategoryInfo          : ObjectNotFound: (WebAdministration:String) [Get-Website], ProviderNotFoundException
    + FullyQualifiedErrorId : ProviderNotFound,Microsoft.IIs.PowerShell.Provider.GetWebsiteCommand
 

ERROR:root: 2023-08-23 19:12:28.071248: No se encontro aplicacion o site asociado a este paquete
INFO:root: 2023-08-23 19:12:44.740107: Se selecciono el directorio C:/Entornos/Banco Promerica - 01/CUSTOM/Banco Pormerica - e-Flow v4.1.3 - Citas v2.13.1 - C2.0/1. Proceso de Instalacion donde se identificaran los reportes
INFO:root: 2023-08-23 19:12:44.740107: Empezando a identificar el servicio de la ruta C:\Entornos\Banco Promerica - 01\CUSTOM\Banco Pormerica - e-Flow v4.1.3 - Citas v2.13.1 - C2.0\1. Proceso de Instalacion\Middleware\STE\bin\Sidesys.Services.ApplicationService.exe
INFO:root: 2023-08-23 19:12:45.303894: La carpeta STE  existe
INFO:root: 2023-08-23 19:12:45.303894:buscando site que coincidan con la ruta C:\Entornos\Banco Promerica - 01\CUSTOM\Banco Pormerica - e-Flow v4.1.3 - Citas v2.13.1 - C2.0\1. Proceso de Instalacion\FrontEnd\STE
INFO:root: 2023-08-23 19:12:45.303894:empezando la consulta en poweshell
INFO:root: 2023-08-23 19:12:45.303894:Get-WebApplication | select physicalPath
ERROR:root: 2023-08-23 19:12:46.575823:error al realizar la consulta en powershell Import-Module : Process should have elevated status to access IIS configuration data.
At line:1 char:1
+ Import-Module WebAdministration
+ ~~~~~~~~~~~~~~~~~~~~~~~~~~~~~~~
    + CategoryInfo          : OperationStopped: (:) [Import-Module], InvalidOperationException
    + FullyQualifiedErrorId : Module_ImportModuleError,Microsoft.PowerShell.Commands.ImportModuleCommand
 
get-webconfiguration : Cannot find a provider with the name 'WebAdministration'.
At line:2 char:18
+                  Get-WebApplication | select physicalPath
+                  ~~~~~~~~~~~~~~~~~~~~~~~~~~~~~~~~~~~~~~~~
    + CategoryInfo          : ObjectNotFound: (WebAdministration:String) [Get-WebConfiguration], ProviderNotFoundExcep 
   tion
    + FullyQualifiedErrorId : ProviderNotFound,Microsoft.IIs.PowerShell.Provider.GetConfigurationCommand
 

INFO:root: 2023-08-23 19:12:46.575823:empezando la consulta en poweshell
INFO:root: 2023-08-23 19:12:46.575823:Get-WebApplication | select path,applicationPool,enabledprotocols
ERROR:root: 2023-08-23 19:12:47.848072:error al realizar la consulta en powershell Import-Module : Process should have elevated status to access IIS configuration data.
At line:1 char:1
+ Import-Module WebAdministration
+ ~~~~~~~~~~~~~~~~~~~~~~~~~~~~~~~
    + CategoryInfo          : OperationStopped: (:) [Import-Module], InvalidOperationException
    + FullyQualifiedErrorId : Module_ImportModuleError,Microsoft.PowerShell.Commands.ImportModuleCommand
 
get-webconfiguration : Cannot find a provider with the name 'WebAdministration'.
At line:2 char:18
+ ...             Get-WebApplication | select path,applicationPool,enabledp ...
+                 ~~~~~~~~~~~~~~~~~~~~~~~~~~~~~~~~~~~~~~~~~~~~~~~~~~~~~~~~~
    + CategoryInfo          : ObjectNotFound: (WebAdministration:String) [Get-WebConfiguration], ProviderNotFoundExcep 
   tion
    + FullyQualifiedErrorId : ProviderNotFound,Microsoft.IIs.PowerShell.Provider.GetConfigurationCommand
 

INFO:root: 2023-08-23 19:12:47.848072:buscando site que coincidan con la ruta C:\Entornos\Banco Promerica - 01\CUSTOM\Banco Pormerica - e-Flow v4.1.3 - Citas v2.13.1 - C2.0\1. Proceso de Instalacion\FrontEnd\STE
INFO:root: 2023-08-23 19:12:47.848072:empezando la consulta en poweshell
INFO:root: 2023-08-23 19:12:47.848072:Get-WebSite | select id,physicalPath
ERROR:root: 2023-08-23 19:12:49.166983:error al realizar la consulta en powershell Import-Module : Process should have elevated status to access IIS configuration data.
At line:1 char:1
+ Import-Module WebAdministration
+ ~~~~~~~~~~~~~~~~~~~~~~~~~~~~~~~
    + CategoryInfo          : OperationStopped: (:) [Import-Module], InvalidOperationException
    + FullyQualifiedErrorId : Module_ImportModuleError,Microsoft.PowerShell.Commands.ImportModuleCommand
 
Get-WebSite : Cannot find a provider with the name 'WebAdministration'.
At line:2 char:18
+                  Get-WebSite | select id,physicalPath
+                  ~~~~~~~~~~~
    + CategoryInfo          : ObjectNotFound: (WebAdministration:String) [Get-Website], ProviderNotFoundException
    + FullyQualifiedErrorId : ProviderNotFound,Microsoft.IIs.PowerShell.Provider.GetWebsiteCommand
 

INFO:root: 2023-08-23 19:12:49.166983:empezando la consulta en poweshell
INFO:root: 2023-08-23 19:12:49.166983:Get-WebSite | select name,state,enabledprotocols
ERROR:root: 2023-08-23 19:12:50.577148:error al realizar la consulta en powershell Import-Module : Process should have elevated status to access IIS configuration data.
At line:1 char:1
+ Import-Module WebAdministration
+ ~~~~~~~~~~~~~~~~~~~~~~~~~~~~~~~
    + CategoryInfo          : OperationStopped: (:) [Import-Module], InvalidOperationException
    + FullyQualifiedErrorId : Module_ImportModuleError,Microsoft.PowerShell.Commands.ImportModuleCommand
 
Get-WebSite : Cannot find a provider with the name 'WebAdministration'.
At line:2 char:18
+                  Get-WebSite | select name,state,enabledprotocols
+                  ~~~~~~~~~~~
    + CategoryInfo          : ObjectNotFound: (WebAdministration:String) [Get-Website], ProviderNotFoundException
    + FullyQualifiedErrorId : ProviderNotFound,Microsoft.IIs.PowerShell.Provider.GetWebsiteCommand
 

ERROR:root: 2023-08-23 19:12:50.577148: No se encontro aplicacion o site asociado a este paquete
INFO:root: 2023-08-23 19:13:11.924475: Se selecciono el directorio C:/Entornos/Banco Promerica - 01/PRODUCCION donde se identificaran los reportes
INFO:root: 2023-08-23 19:13:11.924475: Empezando a identificar el servicio de la ruta C:\Entornos\Banco Promerica - 01\PRODUCCION\Middleware\STE\bin\Sidesys.Services.ApplicationService.exe
INFO:root: 2023-08-23 19:13:12.147133: Nombre: e-Flow Banco Promerica MiddleWare Service
INFO:root: 2023-08-23 19:13:12.147133: Estado: Stopped
INFO:root: 2023-08-23 19:13:12.147133: Tipo de inicio: Manual
INFO:root: 2023-08-23 19:13:12.147133: Descripci贸n: None
INFO:root: 2023-08-23 19:13:12.147133: Ruta del archivo ejecutable: C:/Entornos/Banco Promerica - 01/PRODUCCION/Middleware/STE/bin/Sidesys.Services.ApplicationService.exe
INFO:root: 2023-08-23 19:13:12.147133:buscando site que coincidan con la ruta C:\Entornos\Banco Promerica - 01\PRODUCCION\FrontEnd\STE
INFO:root: 2023-08-23 19:13:12.147133:empezando la consulta en poweshell
INFO:root: 2023-08-23 19:13:12.147133:Get-WebApplication | select physicalPath
ERROR:root: 2023-08-23 19:13:13.492378:error al realizar la consulta en powershell Import-Module : Process should have elevated status to access IIS configuration data.
At line:1 char:1
+ Import-Module WebAdministration
+ ~~~~~~~~~~~~~~~~~~~~~~~~~~~~~~~
    + CategoryInfo          : OperationStopped: (:) [Import-Module], InvalidOperationException
    + FullyQualifiedErrorId : Module_ImportModuleError,Microsoft.PowerShell.Commands.ImportModuleCommand
 
get-webconfiguration : Cannot find a provider with the name 'WebAdministration'.
At line:2 char:18
+                  Get-WebApplication | select physicalPath
+                  ~~~~~~~~~~~~~~~~~~~~~~~~~~~~~~~~~~~~~~~~
    + CategoryInfo          : ObjectNotFound: (WebAdministration:String) [Get-WebConfiguration], ProviderNotFoundExcep 
   tion
    + FullyQualifiedErrorId : ProviderNotFound,Microsoft.IIs.PowerShell.Provider.GetConfigurationCommand
 

INFO:root: 2023-08-23 19:13:13.492378:empezando la consulta en poweshell
INFO:root: 2023-08-23 19:13:13.492378:Get-WebApplication | select path,applicationPool,enabledprotocols
ERROR:root: 2023-08-23 19:13:14.757999:error al realizar la consulta en powershell Import-Module : Process should have elevated status to access IIS configuration data.
At line:1 char:1
+ Import-Module WebAdministration
+ ~~~~~~~~~~~~~~~~~~~~~~~~~~~~~~~
    + CategoryInfo          : OperationStopped: (:) [Import-Module], InvalidOperationException
    + FullyQualifiedErrorId : Module_ImportModuleError,Microsoft.PowerShell.Commands.ImportModuleCommand
 
get-webconfiguration : Cannot find a provider with the name 'WebAdministration'.
At line:2 char:18
+ ...             Get-WebApplication | select path,applicationPool,enabledp ...
+                 ~~~~~~~~~~~~~~~~~~~~~~~~~~~~~~~~~~~~~~~~~~~~~~~~~~~~~~~~~
    + CategoryInfo          : ObjectNotFound: (WebAdministration:String) [Get-WebConfiguration], ProviderNotFoundExcep 
   tion
    + FullyQualifiedErrorId : ProviderNotFound,Microsoft.IIs.PowerShell.Provider.GetConfigurationCommand
 

INFO:root: 2023-08-23 19:13:14.757999:buscando site que coincidan con la ruta C:\Entornos\Banco Promerica - 01\PRODUCCION\FrontEnd\STE
INFO:root: 2023-08-23 19:13:14.757999:empezando la consulta en poweshell
INFO:root: 2023-08-23 19:13:14.757999:Get-WebSite | select id,physicalPath
ERROR:root: 2023-08-23 19:13:16.030260:error al realizar la consulta en powershell Import-Module : Process should have elevated status to access IIS configuration data.
At line:1 char:1
+ Import-Module WebAdministration
+ ~~~~~~~~~~~~~~~~~~~~~~~~~~~~~~~
    + CategoryInfo          : OperationStopped: (:) [Import-Module], InvalidOperationException
    + FullyQualifiedErrorId : Module_ImportModuleError,Microsoft.PowerShell.Commands.ImportModuleCommand
 
Get-WebSite : Cannot find a provider with the name 'WebAdministration'.
At line:2 char:18
+                  Get-WebSite | select id,physicalPath
+                  ~~~~~~~~~~~
    + CategoryInfo          : ObjectNotFound: (WebAdministration:String) [Get-Website], ProviderNotFoundException
    + FullyQualifiedErrorId : ProviderNotFound,Microsoft.IIs.PowerShell.Provider.GetWebsiteCommand
 

INFO:root: 2023-08-23 19:13:16.030260:empezando la consulta en poweshell
INFO:root: 2023-08-23 19:13:16.030260:Get-WebSite | select name,state,enabledprotocols
ERROR:root: 2023-08-23 19:13:17.079633:error al realizar la consulta en powershell Import-Module : Process should have elevated status to access IIS configuration data.
At line:1 char:1
+ Import-Module WebAdministration
+ ~~~~~~~~~~~~~~~~~~~~~~~~~~~~~~~
    + CategoryInfo          : OperationStopped: (:) [Import-Module], InvalidOperationException
    + FullyQualifiedErrorId : Module_ImportModuleError,Microsoft.PowerShell.Commands.ImportModuleCommand
 
Get-WebSite : Cannot find a provider with the name 'WebAdministration'.
At line:2 char:18
+                  Get-WebSite | select name,state,enabledprotocols
+                  ~~~~~~~~~~~
    + CategoryInfo          : ObjectNotFound: (WebAdministration:String) [Get-Website], ProviderNotFoundException
    + FullyQualifiedErrorId : ProviderNotFound,Microsoft.IIs.PowerShell.Provider.GetWebsiteCommand
 

ERROR:root: 2023-08-23 19:13:17.079633: No se encontro aplicacion o site asociado a este paquete
INFO:root: 2023-08-23 19:14:56.187213: Inicializacion de la Aplicacion
INFO:root: 2023-08-23 19:15:08.600790: Se selecciono el directorio C:/Entornos/Banco Promerica - 01/PRODUCCION donde se identificaran los reportes
INFO:root: 2023-08-23 19:15:08.600790: Empezando a identificar el servicio de la ruta C:\Entornos\Banco Promerica - 01\PRODUCCION\Middleware\STE\bin\Sidesys.Services.ApplicationService.exe
INFO:root: 2023-08-23 19:15:08.847560: Nombre: e-Flow Banco Promerica MiddleWare Service
INFO:root: 2023-08-23 19:15:08.847560: Estado: Stopped
INFO:root: 2023-08-23 19:15:08.847560: Tipo de inicio: Manual
INFO:root: 2023-08-23 19:15:08.847560: Descripci贸n: None
INFO:root: 2023-08-23 19:15:08.847560: Ruta del archivo ejecutable: C:/Entornos/Banco Promerica - 01/PRODUCCION/Middleware/STE/bin/Sidesys.Services.ApplicationService.exe
INFO:root: 2023-08-23 19:15:08.849561:buscando site que coincidan con la ruta C:\Entornos\Banco Promerica - 01\PRODUCCION\FrontEnd\STE
INFO:root: 2023-08-23 19:15:08.849561:empezando la consulta en poweshell
INFO:root: 2023-08-23 19:15:08.849561:Get-WebApplication | select physicalPath
INFO:root: 2023-08-23 19:15:09.973359:empezando la consulta en poweshell
INFO:root: 2023-08-23 19:15:09.973359:Get-WebApplication | select path,applicationPool,enabledprotocols
INFO:root: 2023-08-23 19:15:11.160534:buscando site que coincidan con la ruta C:\Entornos\Banco Promerica - 01\PRODUCCION\FrontEnd\STE
INFO:root: 2023-08-23 19:15:11.160534:empezando la consulta en poweshell
INFO:root: 2023-08-23 19:15:11.160534:Get-WebSite | select id,physicalPath
INFO:root: 2023-08-23 19:15:12.251904:empezando la consulta en poweshell
INFO:root: 2023-08-23 19:15:12.251904:Get-WebSite | select name,state,enabledprotocols
INFO:root: 2023-08-23 19:17:53.228852: Se selecciono el directorio C:/Entornos/Banco Promerica - 01/PRODUCCION donde se identificaran los reportes
INFO:root: 2023-08-23 19:17:53.228852: Empezando a identificar el servicio de la ruta C:\Entornos\Banco Promerica - 01\PRODUCCION\Middleware\Appointment\bin\Sidesys.Services.ApplicationService.exe
INFO:root: 2023-08-23 19:17:53.513994: Nombre: e-Flow Banco Promerica Citas MiddleWare Service
INFO:root: 2023-08-23 19:17:53.513994: Estado: Stopped
INFO:root: 2023-08-23 19:17:53.513994: Tipo de inicio: Manual
INFO:root: 2023-08-23 19:17:53.513994: Descripci贸n: None
INFO:root: 2023-08-23 19:17:53.513994: Ruta del archivo ejecutable: C:/Entornos/Banco Promerica - 01/PRODUCCION/Middleware/Appointment/bin/Sidesys.Services.ApplicationService.exe
INFO:root: 2023-08-23 19:17:53.513994:buscando site que coincidan con la ruta C:\Entornos\Banco Promerica - 01\PRODUCCION\FrontEnd\Appointment
INFO:root: 2023-08-23 19:17:53.513994:empezando la consulta en poweshell
INFO:root: 2023-08-23 19:17:53.513994:Get-WebApplication | select physicalPath
INFO:root: 2023-08-23 19:17:56.145300:empezando la consulta en poweshell
INFO:root: 2023-08-23 19:17:56.145300:Get-WebApplication | select path,applicationPool,enabledprotocols
INFO:root: 2023-08-23 19:17:57.294872:buscando site que coincidan con la ruta C:\Entornos\Banco Promerica - 01\PRODUCCION\FrontEnd\Appointment
INFO:root: 2023-08-23 19:17:57.294872:empezando la consulta en poweshell
INFO:root: 2023-08-23 19:17:57.294872:Get-WebSite | select id,physicalPath
INFO:root: 2023-08-23 19:17:58.456018:empezando la consulta en poweshell
INFO:root: 2023-08-23 19:17:58.456018:Get-WebSite | select name,state,enabledprotocols
INFO:root: 2023-08-23 19:17:59.951808: El path no ha podido ser cambiado, asegurese que dentro del campo ha modificar no halla espacio en blanco
ERROR:root: 2023-08-23 19:17:59.951808: No se ha cargado el dato
ERROR:root: 2023-08-23 19:17:59.951808: wrong # args: should be ".!frame32.!entry8 insert index text"
INFO:root: 2023-08-23 19:59:57.040796: Inicializacion de la Aplicacion
INFO:root: 2023-08-23 20:00:21.845991: Se selecciono el directorio C:/Entornos/Senasa - 03/PRODUCCION donde se identificaran los reportes
INFO:root: 2023-08-23 20:00:58.358048: Inicializacion de la Aplicacion
INFO:root: 2023-08-23 20:03:29.179039: Se selecciono el directorio C:/Entornos/Senasa - 03/PRODUCCION donde se identificaran los reportes
